<?xml version="1.0" encoding="UTF-8"?>
<!-- Generated by org.testng.reporters.JUnitReportReporter -->
<testsuite hostname="DESKTOP-TNMV2Q3" failures="0" tests="3" name="com.staragile.HomePageTest" time="5.781" errors="0" timestamp="2024-11-08T16:09:37 IST" skipped="0">
  <testcase classname="com.staragile.HomePageTest" name="VerifyURL" time="0.047"/>
  <system-out>
    <![CDATA[TestPass, URL Matched]]>
  </system-out>
  <testcase classname="com.staragile.HomePageTest" name="VerifyTitle" time="0.027"/>
  <system-out>
    <![CDATA[url matched successfully]]>
  </system-out>
  <testcase classname="com.staragile.HomePageTest" name="ValidateSignInLink" time="5.707"/>
  <system-out>
    <![CDATA[link match ans pass]]>
  </system-out>
</testsuite> <!-- com.staragile.HomePageTest -->
