<?xml version="1.0" encoding="UTF-8"?>
<!-- Generated by org.testng.reporters.JUnitReportReporter -->
<testsuite hostname="DESKTOP-TNMV2Q3" failures="0" tests="1" name="com.staragile.LoginPageTestCase" time="2.311" errors="0" timestamp="2024-11-08T16:09:37 IST" skipped="0">
  <testcase classname="com.staragile.LoginPageTestCase" name="ValidateLogin" time="2.311"/>
  <system-out>
    <![CDATA[TestPass]]>
  </system-out>
</testsuite> <!-- com.staragile.LoginPageTestCase -->
